mode: set
github.com\teirm\cs1632_deliverable6\coffee_maker_quest\coffee_maker_quest.go:41.52,44.29 2 1
github.com\teirm\cs1632_deliverable6\coffee_maker_quest\coffee_maker_quest.go:44.29,46.3 1 1
github.com\teirm\cs1632_deliverable6\coffee_maker_quest\coffee_maker_quest.go:46.3,48.3 1 1
github.com\teirm\cs1632_deliverable6\coffee_maker_quest\coffee_maker_quest.go:52.52,55.19 2 1
github.com\teirm\cs1632_deliverable6\coffee_maker_quest\coffee_maker_quest.go:55.19,57.3 1 1
github.com\teirm\cs1632_deliverable6\coffee_maker_quest\coffee_maker_quest.go:57.3,59.3 1 1
github.com\teirm\cs1632_deliverable6\coffee_maker_quest\coffee_maker_quest.go:63.40,65.23 1 1
github.com\teirm\cs1632_deliverable6\coffee_maker_quest\coffee_maker_quest.go:65.23,67.3 1 1
github.com\teirm\cs1632_deliverable6\coffee_maker_quest\coffee_maker_quest.go:67.3,67.30 1 1
github.com\teirm\cs1632_deliverable6\coffee_maker_quest\coffee_maker_quest.go:67.30,69.3 1 1
github.com\teirm\cs1632_deliverable6\coffee_maker_quest\coffee_maker_quest.go:69.3,71.3 1 1
github.com\teirm\cs1632_deliverable6\coffee_maker_quest\coffee_maker_quest.go:75.30,78.2 2 1
github.com\teirm\cs1632_deliverable6\coffee_maker_quest\coffee_maker_quest.go:81.30,84.34 2 1
github.com\teirm\cs1632_deliverable6\coffee_maker_quest\coffee_maker_quest.go:84.34,86.3 1 1
github.com\teirm\cs1632_deliverable6\coffee_maker_quest\coffee_maker_quest.go:90.48,101.19 3 1
github.com\teirm\cs1632_deliverable6\coffee_maker_quest\coffee_maker_quest.go:124.2,124.10 1 1
github.com\teirm\cs1632_deliverable6\coffee_maker_quest\coffee_maker_quest.go:101.19,106.3 4 1
github.com\teirm\cs1632_deliverable6\coffee_maker_quest\coffee_maker_quest.go:106.3,106.39 1 1
github.com\teirm\cs1632_deliverable6\coffee_maker_quest\coffee_maker_quest.go:106.39,112.3 5 1
github.com\teirm\cs1632_deliverable6\coffee_maker_quest\coffee_maker_quest.go:112.3,112.39 1 1
github.com\teirm\cs1632_deliverable6\coffee_maker_quest\coffee_maker_quest.go:112.39,117.3 4 1
github.com\teirm\cs1632_deliverable6\coffee_maker_quest\coffee_maker_quest.go:117.3,122.3 4 1
github.com\teirm\cs1632_deliverable6\coffee_maker_quest\coffee_maker_quest.go:128.34,134.62 2 1
github.com\teirm\cs1632_deliverable6\coffee_maker_quest\coffee_maker_quest.go:138.2,138.12 1 1
github.com\teirm\cs1632_deliverable6\coffee_maker_quest\coffee_maker_quest.go:134.62,136.3 1 1
github.com\teirm\cs1632_deliverable6\coffee_maker_quest\coffee_maker_quest.go:143.33,150.2 2 1
github.com\teirm\cs1632_deliverable6\coffee_maker_quest\coffee_maker_quest.go:153.48,159.38 4 1
github.com\teirm\cs1632_deliverable6\coffee_maker_quest\coffee_maker_quest.go:167.2,167.21 1 1
github.com\teirm\cs1632_deliverable6\coffee_maker_quest\coffee_maker_quest.go:171.2,171.38 1 1
github.com\teirm\cs1632_deliverable6\coffee_maker_quest\coffee_maker_quest.go:179.2,179.20 1 1
github.com\teirm\cs1632_deliverable6\coffee_maker_quest\coffee_maker_quest.go:183.2,183.38 1 1
github.com\teirm\cs1632_deliverable6\coffee_maker_quest\coffee_maker_quest.go:190.2,190.20 1 1
github.com\teirm\cs1632_deliverable6\coffee_maker_quest\coffee_maker_quest.go:194.2,194.43 1 1
github.com\teirm\cs1632_deliverable6\coffee_maker_quest\coffee_maker_quest.go:159.38,160.48 1 1
github.com\teirm\cs1632_deliverable6\coffee_maker_quest\coffee_maker_quest.go:160.48,163.9 3 1
github.com\teirm\cs1632_deliverable6\coffee_maker_quest\coffee_maker_quest.go:167.21,169.3 1 1
github.com\teirm\cs1632_deliverable6\coffee_maker_quest\coffee_maker_quest.go:171.38,172.47 1 1
github.com\teirm\cs1632_deliverable6\coffee_maker_quest\coffee_maker_quest.go:172.47,175.9 3 1
github.com\teirm\cs1632_deliverable6\coffee_maker_quest\coffee_maker_quest.go:179.20,181.3 1 1
github.com\teirm\cs1632_deliverable6\coffee_maker_quest\coffee_maker_quest.go:183.38,184.47 1 1
github.com\teirm\cs1632_deliverable6\coffee_maker_quest\coffee_maker_quest.go:184.47,187.4 2 1
github.com\teirm\cs1632_deliverable6\coffee_maker_quest\coffee_maker_quest.go:190.20,192.3 1 1
github.com\teirm\cs1632_deliverable6\coffee_maker_quest\coffee_maker_quest.go:198.37,206.27 3 1
github.com\teirm\cs1632_deliverable6\coffee_maker_quest\coffee_maker_quest.go:211.2,211.27 1 1
github.com\teirm\cs1632_deliverable6\coffee_maker_quest\coffee_maker_quest.go:215.2,215.20 1 1
github.com\teirm\cs1632_deliverable6\coffee_maker_quest\coffee_maker_quest.go:206.27,208.3 1 1
github.com\teirm\cs1632_deliverable6\coffee_maker_quest\coffee_maker_quest.go:211.27,213.3 1 1
github.com\teirm\cs1632_deliverable6\coffee_maker_quest\coffee_maker_quest.go:219.73,222.19 2 1
github.com\teirm\cs1632_deliverable6\coffee_maker_quest\coffee_maker_quest.go:245.2,245.11 1 1
github.com\teirm\cs1632_deliverable6\coffee_maker_quest\coffee_maker_quest.go:223.2,224.3 1 1
github.com\teirm\cs1632_deliverable6\coffee_maker_quest\coffee_maker_quest.go:239.2,240.3 1 1
github.com\teirm\cs1632_deliverable6\coffee_maker_quest\coffee_maker_quest.go:224.3,229.29 3 1
github.com\teirm\cs1632_deliverable6\coffee_maker_quest\coffee_maker_quest.go:237.4,237.20 1 1
github.com\teirm\cs1632_deliverable6\coffee_maker_quest\coffee_maker_quest.go:229.29,231.5 1 1
github.com\teirm\cs1632_deliverable6\coffee_maker_quest\coffee_maker_quest.go:231.5,231.35 1 1
github.com\teirm\cs1632_deliverable6\coffee_maker_quest\coffee_maker_quest.go:231.35,233.5 1 1
github.com\teirm\cs1632_deliverable6\coffee_maker_quest\coffee_maker_quest.go:233.5,235.5 1 1
github.com\teirm\cs1632_deliverable6\coffee_maker_quest\coffee_maker_quest.go:240.3,242.4 1 1
github.com\teirm\cs1632_deliverable6\coffee_maker_quest\coffee_maker_quest.go:249.59,253.17 3 1
github.com\teirm\cs1632_deliverable6\coffee_maker_quest\coffee_maker_quest.go:259.2,259.15 1 1
github.com\teirm\cs1632_deliverable6\coffee_maker_quest\coffee_maker_quest.go:253.17,255.3 1 1
github.com\teirm\cs1632_deliverable6\coffee_maker_quest\coffee_maker_quest.go:255.3,257.3 1 1
github.com\teirm\cs1632_deliverable6\coffee_maker_quest\coffee_maker_quest.go:262.94,264.38 1 1
github.com\teirm\cs1632_deliverable6\coffee_maker_quest\coffee_maker_quest.go:298.2,298.23 1 1
github.com\teirm\cs1632_deliverable6\coffee_maker_quest\coffee_maker_quest.go:264.38,267.3 1 1
github.com\teirm\cs1632_deliverable6\coffee_maker_quest\coffee_maker_quest.go:267.3,268.21 1 1
github.com\teirm\cs1632_deliverable6\coffee_maker_quest\coffee_maker_quest.go:269.3,270.4 1 1
github.com\teirm\cs1632_deliverable6\coffee_maker_quest\coffee_maker_quest.go:273.3,274.4 1 1
github.com\teirm\cs1632_deliverable6\coffee_maker_quest\coffee_maker_quest.go:277.3,278.4 1 1
github.com\teirm\cs1632_deliverable6\coffee_maker_quest\coffee_maker_quest.go:281.3,282.4 1 1
github.com\teirm\cs1632_deliverable6\coffee_maker_quest\coffee_maker_quest.go:285.3,286.4 1 1
github.com\teirm\cs1632_deliverable6\coffee_maker_quest\coffee_maker_quest.go:289.3,290.4 1 1
github.com\teirm\cs1632_deliverable6\coffee_maker_quest\coffee_maker_quest.go:270.4,272.5 1 1
github.com\teirm\cs1632_deliverable6\coffee_maker_quest\coffee_maker_quest.go:274.4,276.5 1 1
github.com\teirm\cs1632_deliverable6\coffee_maker_quest\coffee_maker_quest.go:278.4,280.5 1 1
github.com\teirm\cs1632_deliverable6\coffee_maker_quest\coffee_maker_quest.go:282.4,284.5 1 1
github.com\teirm\cs1632_deliverable6\coffee_maker_quest\coffee_maker_quest.go:286.4,288.5 1 1
github.com\teirm\cs1632_deliverable6\coffee_maker_quest\coffee_maker_quest.go:290.4,294.5 2 1
github.com\teirm\cs1632_deliverable6\coffee_maker_quest\coffee_maker_quest.go:301.12,315.37 6 0
github.com\teirm\cs1632_deliverable6\coffee_maker_quest\coffee_maker_quest.go:315.37,328.3 5 0
