mode: set
github.com\teirm\cs1632_deliverable6\coffee_maker_quest\coffee_maker_quest.go:32.52,35.29 2 1
github.com\teirm\cs1632_deliverable6\coffee_maker_quest\coffee_maker_quest.go:35.29,37.3 1 1
github.com\teirm\cs1632_deliverable6\coffee_maker_quest\coffee_maker_quest.go:37.3,39.3 1 1
github.com\teirm\cs1632_deliverable6\coffee_maker_quest\coffee_maker_quest.go:43.52,46.19 2 1
github.com\teirm\cs1632_deliverable6\coffee_maker_quest\coffee_maker_quest.go:46.19,48.3 1 1
github.com\teirm\cs1632_deliverable6\coffee_maker_quest\coffee_maker_quest.go:48.3,50.3 1 1
github.com\teirm\cs1632_deliverable6\coffee_maker_quest\coffee_maker_quest.go:54.40,56.23 1 1
github.com\teirm\cs1632_deliverable6\coffee_maker_quest\coffee_maker_quest.go:56.23,58.3 1 1
github.com\teirm\cs1632_deliverable6\coffee_maker_quest\coffee_maker_quest.go:58.3,58.30 1 1
github.com\teirm\cs1632_deliverable6\coffee_maker_quest\coffee_maker_quest.go:58.30,60.3 1 1
github.com\teirm\cs1632_deliverable6\coffee_maker_quest\coffee_maker_quest.go:60.3,62.3 1 1
github.com\teirm\cs1632_deliverable6\coffee_maker_quest\coffee_maker_quest.go:66.30,69.2 2 1
github.com\teirm\cs1632_deliverable6\coffee_maker_quest\coffee_maker_quest.go:72.30,74.34 1 1
github.com\teirm\cs1632_deliverable6\coffee_maker_quest\coffee_maker_quest.go:74.34,76.3 1 1
github.com\teirm\cs1632_deliverable6\coffee_maker_quest\coffee_maker_quest.go:80.48,91.19 3 1
github.com\teirm\cs1632_deliverable6\coffee_maker_quest\coffee_maker_quest.go:114.2,114.10 1 1
github.com\teirm\cs1632_deliverable6\coffee_maker_quest\coffee_maker_quest.go:91.19,96.3 4 1
github.com\teirm\cs1632_deliverable6\coffee_maker_quest\coffee_maker_quest.go:96.3,96.39 1 1
github.com\teirm\cs1632_deliverable6\coffee_maker_quest\coffee_maker_quest.go:96.39,102.3 5 1
github.com\teirm\cs1632_deliverable6\coffee_maker_quest\coffee_maker_quest.go:102.3,102.39 1 1
github.com\teirm\cs1632_deliverable6\coffee_maker_quest\coffee_maker_quest.go:102.39,107.3 4 1
github.com\teirm\cs1632_deliverable6\coffee_maker_quest\coffee_maker_quest.go:107.3,112.3 4 1
github.com\teirm\cs1632_deliverable6\coffee_maker_quest\coffee_maker_quest.go:118.34,124.62 2 1
github.com\teirm\cs1632_deliverable6\coffee_maker_quest\coffee_maker_quest.go:128.2,128.12 1 1
github.com\teirm\cs1632_deliverable6\coffee_maker_quest\coffee_maker_quest.go:124.62,126.3 1 1
github.com\teirm\cs1632_deliverable6\coffee_maker_quest\coffee_maker_quest.go:133.33,140.2 2 1
github.com\teirm\cs1632_deliverable6\coffee_maker_quest\coffee_maker_quest.go:143.48,149.38 4 1
github.com\teirm\cs1632_deliverable6\coffee_maker_quest\coffee_maker_quest.go:157.2,157.21 1 1
github.com\teirm\cs1632_deliverable6\coffee_maker_quest\coffee_maker_quest.go:161.2,161.38 1 1
github.com\teirm\cs1632_deliverable6\coffee_maker_quest\coffee_maker_quest.go:169.2,169.20 1 1
github.com\teirm\cs1632_deliverable6\coffee_maker_quest\coffee_maker_quest.go:173.2,173.38 1 1
github.com\teirm\cs1632_deliverable6\coffee_maker_quest\coffee_maker_quest.go:180.2,180.20 1 1
github.com\teirm\cs1632_deliverable6\coffee_maker_quest\coffee_maker_quest.go:184.2,184.43 1 1
github.com\teirm\cs1632_deliverable6\coffee_maker_quest\coffee_maker_quest.go:149.38,150.48 1 1
github.com\teirm\cs1632_deliverable6\coffee_maker_quest\coffee_maker_quest.go:150.48,153.9 3 1
github.com\teirm\cs1632_deliverable6\coffee_maker_quest\coffee_maker_quest.go:157.21,159.3 1 1
github.com\teirm\cs1632_deliverable6\coffee_maker_quest\coffee_maker_quest.go:161.38,162.47 1 1
github.com\teirm\cs1632_deliverable6\coffee_maker_quest\coffee_maker_quest.go:162.47,165.9 3 1
github.com\teirm\cs1632_deliverable6\coffee_maker_quest\coffee_maker_quest.go:169.20,171.3 1 1
github.com\teirm\cs1632_deliverable6\coffee_maker_quest\coffee_maker_quest.go:173.38,174.47 1 1
github.com\teirm\cs1632_deliverable6\coffee_maker_quest\coffee_maker_quest.go:174.47,177.4 2 1
github.com\teirm\cs1632_deliverable6\coffee_maker_quest\coffee_maker_quest.go:180.20,182.3 1 1
github.com\teirm\cs1632_deliverable6\coffee_maker_quest\coffee_maker_quest.go:188.37,196.27 3 1
github.com\teirm\cs1632_deliverable6\coffee_maker_quest\coffee_maker_quest.go:201.2,201.27 1 1
github.com\teirm\cs1632_deliverable6\coffee_maker_quest\coffee_maker_quest.go:205.2,205.20 1 1
github.com\teirm\cs1632_deliverable6\coffee_maker_quest\coffee_maker_quest.go:196.27,198.3 1 1
github.com\teirm\cs1632_deliverable6\coffee_maker_quest\coffee_maker_quest.go:201.27,203.3 1 1
github.com\teirm\cs1632_deliverable6\coffee_maker_quest\coffee_maker_quest.go:209.73,212.19 2 1
github.com\teirm\cs1632_deliverable6\coffee_maker_quest\coffee_maker_quest.go:235.2,235.11 1 1
github.com\teirm\cs1632_deliverable6\coffee_maker_quest\coffee_maker_quest.go:213.2,214.3 1 1
github.com\teirm\cs1632_deliverable6\coffee_maker_quest\coffee_maker_quest.go:229.2,230.3 1 1
github.com\teirm\cs1632_deliverable6\coffee_maker_quest\coffee_maker_quest.go:214.3,219.29 3 1
github.com\teirm\cs1632_deliverable6\coffee_maker_quest\coffee_maker_quest.go:227.4,227.20 1 1
github.com\teirm\cs1632_deliverable6\coffee_maker_quest\coffee_maker_quest.go:219.29,221.5 1 1
github.com\teirm\cs1632_deliverable6\coffee_maker_quest\coffee_maker_quest.go:221.5,221.35 1 1
github.com\teirm\cs1632_deliverable6\coffee_maker_quest\coffee_maker_quest.go:221.35,223.5 1 1
github.com\teirm\cs1632_deliverable6\coffee_maker_quest\coffee_maker_quest.go:223.5,225.5 1 1
github.com\teirm\cs1632_deliverable6\coffee_maker_quest\coffee_maker_quest.go:230.3,232.4 1 1
github.com\teirm\cs1632_deliverable6\coffee_maker_quest\coffee_maker_quest.go:239.59,243.17 3 1
github.com\teirm\cs1632_deliverable6\coffee_maker_quest\coffee_maker_quest.go:249.2,249.15 1 1
github.com\teirm\cs1632_deliverable6\coffee_maker_quest\coffee_maker_quest.go:243.17,245.3 1 1
github.com\teirm\cs1632_deliverable6\coffee_maker_quest\coffee_maker_quest.go:245.3,247.3 1 1
github.com\teirm\cs1632_deliverable6\coffee_maker_quest\coffee_maker_quest.go:252.12,269.37 7 0
github.com\teirm\cs1632_deliverable6\coffee_maker_quest\coffee_maker_quest.go:269.37,316.3 4 0
